Command line:
   tb_system_isim_beh.exe
     -simmode  gui
     -simrunnum  0
     -socket  55763

Mon Jan  8 11:50:35 2018


 Elaboration Time: 0.07 sec

 Current Memory Usage: 235.77 Meg

 Total Signals          : 672
 Total Nets             : 3214
 Total Signal Drivers   : 428
 Total Blocks           : 23
 Total Primitive Blocks : 18
 Total Processes        : 202
 Total Traceable Variables  : 794
 Total Scalar Nets and Variables : 147532
Total Line Count : 2640
Total Line Count : 2640

 Total Simulation Time: 0.7 sec

 Current Memory Usage: 310.227 Meg

Mon Jan  8 11:51:42 2018

