Command line:
   tb_PO_isim_beh.exe
     -simmode  gui
     -simrunnum  1
     -socket  47580

Mon Dec 11 12:31:33 2017


 Elaboration Time: 0.03 sec

 Current Memory Usage: 231.371 Meg

 Total Signals          : 56
 Total Nets             : 95
 Total Signal Drivers   : 21
 Total Blocks           : 8
 Total Primitive Blocks : 6
 Total Processes        : 14
 Total Traceable Variables  : 14
 Total Scalar Nets and Variables : 579
Total Line Count : 68

** Failure:Simulation terminée
User(VHDL) Code Called Simulation Stop
In process tb_PO.vhd:stim_proc 
 


 Total Simulation Time: 0.05 sec

 Current Memory Usage: 305.828 Meg

Mon Dec 11 12:34:09 2017

