Command line:
   tb_lecture_memoire_isim_beh.exe
     -simmode  gui
     -simrunnum  0
     -socket  52963

Mon Nov 27 12:31:04 2017


 Elaboration Time: 0.22 sec

 Current Memory Usage: 260.424 Meg

 Total Signals          : 1532
 Total Nets             : 3578
 Total Signal Drivers   : 350
 Total Blocks           : 127
 Total Primitive Blocks : 123
 Total Processes        : 235
 Total Traceable Variables  : 16315
 Total Scalar Nets and Variables : 3981653
Total Line Count : 4348

 Total Simulation Time: 0.28 sec

 Current Memory Usage: 334.881 Meg

Mon Nov 27 12:32:14 2017

