Command line:
   tb_PGCD_isim_beh.exe
     -simmode  gui
     -simrunnum  0
     -socket  51252

Tue Dec 12 17:39:01 2017


 Elaboration Time: 0.03 sec

 Current Memory Usage: 231.367 Meg

 Total Signals          : 112
 Total Nets             : 109
 Total Signal Drivers   : 37
 Total Blocks           : 16
 Total Primitive Blocks : 12
 Total Processes        : 33
 Total Traceable Variables  : 14
 Total Scalar Nets and Variables : 593
Total Line Count : 81

** Failure:Simulation terminé
User(VHDL) Code Called Simulation Stop
In process tb_pgcd.vhd:43 
 


 Total Simulation Time: 0.05 sec

 Current Memory Usage: 305.824 Meg

Tue Dec 12 17:52:50 2017

