Command line:
   tb_global_isim_beh.exe
     -simmode  gui
     -simrunnum  0
     -socket  42103

Wed Nov 15 16:57:47 2017


 Elaboration Time: 0.03 sec

 Current Memory Usage: 231.236 Meg

 Total Signals          : 54
 Total Nets             : 16
 Total Signal Drivers   : 16
 Total Blocks           : 12
 Total Primitive Blocks : 8
 Total Processes        : 16
 Total Traceable Variables  : 9
 Total Scalar Nets and Variables : 377
Total Line Count : 34

 Total Simulation Time: 0.03 sec

 Current Memory Usage: 305.693 Meg

Wed Nov 15 16:57:49 2017

