iMPACT Version: Oct 13 2013 08:43:40

iMPACT log file Started on Fri Sep 18 17:59:13 2015

Preference Table
Name                 Setting             
StartupClock         Auto_Correction     
AutoSignature        False               
KeepSVF              False               
ConcurrentMode       False               
UseHighz             False               
ConfigOnFailure      Stop                
UserLevel            Novice              
MessageLevel         Detailed            
svfUseTime           false               
SpiByteSwap          Auto_Correction     
AutoInfer            false               
SvfPlayDisplayComments false               
INFO:iMPACT - Digilent Plugin: Plugin Version: 2.4.4
INFO:iMPACT - Digilent Plugin: found 1 device(s).
INFO:iMPACT - Digilent Plugin: opening device: "Zybo", SN:210279572968
INFO:iMPACT - Digilent Plugin: User Name: Zybo
INFO:iMPACT - Digilent Plugin: Product Name: Digilent Zybo
INFO:iMPACT - Digilent Plugin: Serial Number: 210279572968
INFO:iMPACT - Digilent Plugin: Product ID: 01500157
INFO:iMPACT - Digilent Plugin: Firmware Version: 0108
INFO:iMPACT - Digilent Plugin: JTAG Port Number: 0
INFO:iMPACT - Digilent Plugin: JTAG Clock Frequency: 10000000 Hz
Identifying chain contents...'0': : Manufacturer's ID = Xilinx xc7z010, Version : 1
INFO:iMPACT:1777 - 
   Reading /Xilinx/14.7/ISE_DS/ISE/zynq/data/xc7z010.bsd...
INFO:iMPACT - Using CseAdapterBSDevice
INFO:iMPACT:501 - '1': Added Device xc7z010 successfully.
----------------------------------------------------------------------
----------------------------------------------------------------------
'1': : Manufacturer's ID = Xilinx zynq7000_arm_dap, Version : 4
INFO:iMPACT:501 - '1': Added Device UNKNOWN successfully.
----------------------------------------------------------------------
INFO:iMPACT:1777 - 
   Reading /Xilinx/14.7/ISE_DS/ISE/zynq/data/zynq7000_arm_dap.bsd...
INFO:iMPACT:1777 - 
   Reading /Xilinx/14.7/ISE_DS/ISE/zynq/data/zynq7000_arm_dap.bsd...
----------------------------------------------------------------------
done.
Elapsed time =      0 sec.
Elapsed time =      0 sec.
Elapsed time =      0 sec.
Elapsed time =      0 sec.
'2': Loading file 'download.bit' ...
done.
INFO:iMPACT - Using CseAdapterBSDevice
INFO:iMPACT:2257 - Startup Clock has been changed to 'JtagClk' in the bitstream   stored in memory,
   but the original bitstream file remains unchanged.
UserID read from the bitstream file = 0xFFFFFFFF.
----------------------------------------------------------------------
INFO:iMPACT:501 - '2': Added Device xc7z010 successfully.
----------------------------------------------------------------------
----------------------------------------------------------------------
Warning: Chain frequency (1000000) is less than the current cable speed(10000000).
 Adjust to cable speed (1000000).
Maximum TCK operating frequency for this device chain: 1000000.
Validating chain...
Boundary-scan chain validated successfully.
2: Device Temperature: Current Reading: -273,00 C, Min. Reading: -273,00 C
2: VCCINT Supply: Current Reading:   0,000 V, Min. Reading:   0,000 V
2: VCCAUX Supply: Current Reading:   0,000 V, Min. Reading:   0,000 V
INFO:iMPACT - Creating XC7Z010 device.
'2': Programming device...
 Match_cycle = NoWait.
Match cycle: NoWait
 LCK_cycle = NoWait.
LCK cycle: NoWait
done.
INFO:Cse - Status register values:
INFO:Cse - 0011 1111 1111 1110 0000 1000 0110 0010 
INFO:Cse - '2': Completed downloading bit file to device.
INFO:Cse - '2': Programming completed successfully.
 Match_cycle = NoWait.
Match cycle: NoWait
 LCK_cycle = NoWait.
LCK cycle: NoWait
INFO:iMPACT - '2': Checking done pin....done.
'2': Programmed successfully.
Elapsed time =     18 sec.
----------------------------------------------------------------------
----------------------------------------------------------------------
