Release 14.7 - xst P.20131013 (lin64)
Copyright (c) 1995-2013 Xilinx, Inc.  All rights reserved.
--> 
Parameter TMPDIR set to xst/projnav.tmp


Total REAL time to Xst completion: 0.00 secs
Total CPU time to Xst completion: 0.06 secs
 
--> 
Parameter xsthdpdir set to xst


Total REAL time to Xst completion: 0.00 secs
Total CPU time to Xst completion: 0.06 secs
 
--> 
Reading design: PGCDFPGA.prj

TABLE OF CONTENTS
  1) Synthesis Options Summary
  2) HDL Parsing
  3) HDL Elaboration
  4) HDL Synthesis
       4.1) HDL Synthesis Report
  5) Advanced HDL Synthesis
       5.1) Advanced HDL Synthesis Report
  6) Low Level Synthesis
  7) Partition Report
  8) Design Summary
       8.1) Primitive and Black Box Usage
       8.2) Device utilization summary
       8.3) Partition Resource Summary
       8.4) Timing Report
            8.4.1) Clock Information
            8.4.2) Asynchronous Control Signals Information
            8.4.3) Timing Summary
            8.4.4) Timing Details
            8.4.5) Cross Clock Domains Report


=========================================================================
*                      Synthesis Options Summary                        *
=========================================================================
---- Source Parameters
Input File Name                    : "PGCDFPGA.prj"
Ignore Synthesis Constraint File   : NO

---- Target Parameters
Output File Name                   : "PGCDFPGA"
Output Format                      : NGC
Target Device                      : xc7z010-1-clg400

---- Source Options
Top Module Name                    : PGCDFPGA
Automatic FSM Extraction           : YES
FSM Encoding Algorithm             : Auto
Safe Implementation                : No
FSM Style                          : LUT
RAM Extraction                     : Yes
RAM Style                          : Auto
ROM Extraction                     : Yes
Shift Register Extraction          : YES
ROM Style                          : Auto
Resource Sharing                   : YES
Asynchronous To Synchronous        : NO
Shift Register Minimum Size        : 2
Use DSP Block                      : Auto
Automatic Register Balancing       : No

---- Target Options
LUT Combining                      : Auto
Reduce Control Sets                : Auto
Add IO Buffers                     : YES
Global Maximum Fanout              : 100000
Add Generic Clock Buffer(BUFG)     : 32
Register Duplication               : YES
Optimize Instantiated Primitives   : NO
Use Clock Enable                   : Auto
Use Synchronous Set                : Auto
Use Synchronous Reset              : Auto
Pack IO Registers into IOBs        : Auto
Equivalent register Removal        : YES

---- General Options
Optimization Goal                  : Speed
Optimization Effort                : 1
Power Reduction                    : NO
Keep Hierarchy                     : No
Netlist Hierarchy                  : As_Optimized
RTL Output                         : Yes
Global Optimization                : AllClockNets
Read Cores                         : YES
Write Timing Constraints           : NO
Cross Clock Analysis               : NO
Hierarchy Separator                : /
Bus Delimiter                      : <>
Case Specifier                     : Maintain
Slice Utilization Ratio            : 100
BRAM Utilization Ratio             : 100
DSP48 Utilization Ratio            : 100
Auto BRAM Packing                  : NO
Slice Utilization Ratio Delta      : 5

=========================================================================


=========================================================================
*                          HDL Parsing                                  *
=========================================================================
Parsing VHDL file "/user/9/.base/mullero/home/cours/archi1/TP/tp4/src_prof/vhd/BDS.vhd" into library work
Parsing entity <BDS>.
Parsing architecture <beh> of entity <bds>.
Parsing VHDL file "/user/9/.base/mullero/home/cours/archi1/TP/tp4/src_prof/vhd/BDC.vhd" into library work
Parsing entity <BDC>.
Parsing architecture <beh> of entity <bdc>.
Parsing VHDL file "/user/9/.base/mullero/home/cours/archi1/TP/tp4/src_prof/vhd/fd8ce.vhd" into library work
Parsing entity <FD8CE>.
Parsing architecture <Behavioral> of entity <fd8ce>.
Parsing VHDL file "/user/9/.base/mullero/home/cours/archi1/TP/tp4/src_prof/vhd/compm8.vhd" into library work
Parsing entity <COMPM8>.
Parsing architecture <COMPM8_V> of entity <compm8>.
Parsing VHDL file "/user/9/.base/mullero/home/cours/archi1/TP/tp4/src_prof/vhd/adsu8.vhd" into library work
Parsing entity <ADSU8>.
Parsing architecture <ADSU8_V> of entity <adsu8>.
Parsing VHDL file "/user/9/.base/mullero/home/cours/archi1/TP/tp4/src_prof/vhd/PO.vhd" into library work
Parsing entity <PO>.
Parsing architecture <mixte> of entity <po>.
Parsing VHDL file "/user/9/.base/mullero/home/cours/archi1/TP/tp4/src_prof/vhd/PC.vhd" into library work
Parsing entity <PC>.
Parsing architecture <mixte> of entity <pc>.
Parsing VHDL file "/user/9/.base/mullero/home/cours/archi1/TP/tp4/src_prof/vhd/pgcd.vhd" into library work
Parsing entity <PGCD>.
Parsing architecture <mixte> of entity <pgcd>.
Parsing VHDL file "/user/9/.base/mullero/home/cours/archi1/TP/tp4/src_prof/vhd/pgcdfpga.vhd" into library work
Parsing entity <PGCDFPGA>.
Parsing architecture <mixte> of entity <pgcdfpga>.

=========================================================================
*                            HDL Elaboration                            *
=========================================================================

Elaborating entity <PGCDFPGA> (architecture <mixte>) from library <work>.

Elaborating entity <PGCD> (architecture <mixte>) from library <work>.

Elaborating entity <PC> (architecture <mixte>) from library <work>.

Elaborating entity <BDS> (architecture <beh>) from library <work>.

Elaborating entity <BDC> (architecture <beh>) from library <work>.

Elaborating entity <PO> (architecture <mixte>) from library <work>.

Elaborating entity <FD8CE> (architecture <Behavioral>) from library <work>.

Elaborating entity <ADSU8> (architecture <ADSU8_V>) from library <work>.

Elaborating entity <COMPM8> (architecture <COMPM8_V>) from library <work>.

=========================================================================
*                           HDL Synthesis                               *
=========================================================================

Synthesizing Unit <PGCDFPGA>.
    Related source file is "/user/9/.base/mullero/home/cours/archi1/TP/tp4/src_prof/vhd/pgcdfpga.vhd".
    Summary:
	inferred   1 Multiplexer(s).
Unit <PGCDFPGA> synthesized.

Synthesizing Unit <PGCD>.
    Related source file is "/user/9/.base/mullero/home/cours/archi1/TP/tp4/src_prof/vhd/pgcd.vhd".
    Summary:
	no macro.
Unit <PGCD> synthesized.

Synthesizing Unit <PC>.
    Related source file is "/user/9/.base/mullero/home/cours/archi1/TP/tp4/src_prof/vhd/PC.vhd".
    Summary:
	no macro.
Unit <PC> synthesized.

Synthesizing Unit <BDS>.
    Related source file is "/user/9/.base/mullero/home/cours/archi1/TP/tp4/src_prof/vhd/BDS.vhd".
    Found 1-bit register for signal <Q>.
    Summary:
	inferred   1 D-type flip-flop(s).
Unit <BDS> synthesized.

Synthesizing Unit <BDC>.
    Related source file is "/user/9/.base/mullero/home/cours/archi1/TP/tp4/src_prof/vhd/BDC.vhd".
    Found 1-bit register for signal <Q>.
    Summary:
	inferred   1 D-type flip-flop(s).
Unit <BDC> synthesized.

Synthesizing Unit <PO>.
    Related source file is "/user/9/.base/mullero/home/cours/archi1/TP/tp4/src_prof/vhd/PO.vhd".
INFO:Xst:3210 - "/user/9/.base/mullero/home/cours/archi1/TP/tp4/src_prof/vhd/PO.vhd" line 67: Output port <CO> of the instance <ALU> is unconnected or connected to loadless signal.
INFO:Xst:3210 - "/user/9/.base/mullero/home/cours/archi1/TP/tp4/src_prof/vhd/PO.vhd" line 67: Output port <OFL> of the instance <ALU> is unconnected or connected to loadless signal.
    Summary:
	inferred   4 Multiplexer(s).
Unit <PO> synthesized.

Synthesizing Unit <FD8CE>.
    Related source file is "/user/9/.base/mullero/home/cours/archi1/TP/tp4/src_prof/vhd/fd8ce.vhd".
    Found 8-bit register for signal <Q>.
    Summary:
	inferred   8 D-type flip-flop(s).
Unit <FD8CE> synthesized.

Synthesizing Unit <ADSU8>.
    Related source file is "/user/9/.base/mullero/home/cours/archi1/TP/tp4/src_prof/vhd/adsu8.vhd".
    Found 10-bit subtractor for signal <adsu_p.adsu_tmp> created at line 24.
    Summary:
	inferred   1 Adder/Subtractor(s).
Unit <ADSU8> synthesized.

Synthesizing Unit <COMPM8>.
    Related source file is "/user/9/.base/mullero/home/cours/archi1/TP/tp4/src_prof/vhd/compm8.vhd".
    Found 8-bit comparator greater for signal <GT> created at line 17
    Found 8-bit comparator greater for signal <LT> created at line 18
    Summary:
	inferred   2 Comparator(s).
Unit <COMPM8> synthesized.

=========================================================================
HDL Synthesis Report

Macro Statistics
# Adders/Subtractors                                   : 1
 10-bit subtractor                                     : 1
# Registers                                            : 9
 1-bit register                                        : 6
 8-bit register                                        : 3
# Comparators                                          : 2
 8-bit comparator greater                              : 2
# Multiplexers                                         : 5
 4-bit 2-to-1 multiplexer                              : 1
 8-bit 2-to-1 multiplexer                              : 4

=========================================================================

=========================================================================
*                       Advanced HDL Synthesis                          *
=========================================================================


=========================================================================
Advanced HDL Synthesis Report

Macro Statistics
# Adders/Subtractors                                   : 1
 10-bit subtractor                                     : 1
# Registers                                            : 30
 Flip-Flops                                            : 30
# Comparators                                          : 2
 8-bit comparator greater                              : 2
# Multiplexers                                         : 5
 4-bit 2-to-1 multiplexer                              : 1
 8-bit 2-to-1 multiplexer                              : 4

=========================================================================

=========================================================================
*                         Low Level Synthesis                           *
=========================================================================

Optimizing unit <FD8CE> ...

Optimizing unit <PGCDFPGA> ...

Optimizing unit <PO> ...

Optimizing unit <PC> ...

Mapping all equations...
Building and optimizing final netlist ...
Found area constraint ratio of 100 (+ 5) on block PGCDFPGA, actual ratio is 0.

Final Macro Processing ...

=========================================================================
Final Register Report

Macro Statistics
# Registers                                            : 30
 Flip-Flops                                            : 30

=========================================================================

=========================================================================
*                           Partition Report                            *
=========================================================================

Partition Implementation Status
-------------------------------

  No Partitions were found in this design.

-------------------------------

=========================================================================
*                            Design Summary                             *
=========================================================================

Top Level Output File Name         : PGCDFPGA.ngc

Primitive and Black Box Usage:
------------------------------
# BELS                             : 68
#      LUT2                        : 21
#      LUT3                        : 19
#      LUT4                        : 3
#      LUT5                        : 1
#      LUT6                        : 8
#      MUXCY                       : 7
#      VCC                         : 1
#      XORCY                       : 8
# FlipFlops/Latches                : 30
#      FDCE                        : 24
#      FDR                         : 5
#      FDS                         : 1
# Clock Buffers                    : 1
#      BUFGP                       : 1
# IO Buffers                       : 12
#      IBUF                        : 8
#      OBUF                        : 4

Device utilization summary:
---------------------------

Selected Device : 7z010clg400-1 


Slice Logic Utilization: 
 Number of Slice Registers:              30  out of  35200     0%  
 Number of Slice LUTs:                   52  out of  17600     0%  
    Number used as Logic:                52  out of  17600     0%  

Slice Logic Distribution: 
 Number of LUT Flip Flop pairs used:     57
   Number with an unused Flip Flop:      27  out of     57    47%  
   Number with an unused LUT:             5  out of     57     8%  
   Number of fully used LUT-FF pairs:    25  out of     57    43%  
   Number of unique control sets:         4

IO Utilization: 
 Number of IOs:                          13
 Number of bonded IOBs:                  13  out of    100    13%  

Specific Feature Utilization:
 Number of BUFG/BUFGCTRLs:                1  out of     32     3%  

---------------------------
Partition Resource Summary:
---------------------------

  No Partitions were found in this design.

---------------------------


=========================================================================
Timing Report

NOTE: THESE TIMING NUMBERS ARE ONLY A SYNTHESIS ESTIMATE.
      FOR ACCURATE TIMING INFORMATION PLEASE REFER TO THE TRACE REPORT
      GENERATED AFTER PLACE-and-ROUTE.

Clock Information:
------------------
-----------------------------------+------------------------+-------+
Clock Signal                       | Clock buffer(FF name)  | Load  |
-----------------------------------+------------------------+-------+
clk                                | BUFGP                  | 30    |
-----------------------------------+------------------------+-------+

Asynchronous Control Signals Information:
----------------------------------------
No asynchronous control signals found in this design

Timing Summary:
---------------
Speed Grade: -1

   Minimum period: 2.258ns (Maximum Frequency: 442.870MHz)
   Minimum input arrival time before clock: 0.876ns
   Maximum output required time after clock: 1.219ns
   Maximum combinational path delay: 1.081ns

Timing Details:
---------------
All values displayed in nanoseconds (ns)

=========================================================================
Timing constraint: Default period analysis for Clock 'clk'
  Clock period: 2.258ns (frequency: 442.870MHz)
  Total number of paths / destination ports: 519 / 54
-------------------------------------------------------------------------
Delay:               2.258ns (Levels of Logic = 3)
  Source:            i_PGCD/i_PO/regB/Q_1 (FF)
  Destination:       i_PGCD/i_PC/s_subab/Q (FF)
  Source Clock:      clk rising
  Destination Clock: clk rising

  Data Path: i_PGCD/i_PO/regB/Q_1 to i_PGCD/i_PC/s_subab/Q
                                Gate     Net
    Cell:in->out      fanout   Delay   Delay  Logical Name (Net Name)
    ----------------------------------------  ------------
     FDCE:C->Q             5   0.282   0.662  i_PGCD/i_PO/regB/Q_1 (i_PGCD/i_PO/regB/Q_1)
     LUT4:I0->O            1   0.053   0.725  i_PGCD/i_PO/EQ1 (i_PGCD/i_PO/EQ)
     LUT6:I1->O            2   0.053   0.419  i_PGCD/i_PO/EQ4 (i_PGCD/i_PO/EQ3)
     LUT6:I5->O            1   0.053   0.000  i_PGCD/i_PC/d_end1 (i_PGCD/i_PC/d_end)
     FDR:D                     0.011          i_PGCD/i_PC/s_end/Q
    ----------------------------------------
    Total                      2.258ns (0.452ns logic, 1.806ns route)
                                       (20.0% logic, 80.0% route)

=========================================================================
Timing constraint: Default OFFSET IN BEFORE for Clock 'clk'
  Total number of paths / destination ports: 38 / 38
-------------------------------------------------------------------------
Offset:              0.876ns (Levels of Logic = 1)
  Source:            reset (PAD)
  Destination:       i_PGCD/i_PO/regB/Q_7 (FF)
  Destination Clock: clk rising

  Data Path: reset to i_PGCD/i_PO/regB/Q_7
                                Gate     Net
    Cell:in->out      fanout   Delay   Delay  Logical Name (Net Name)
    ----------------------------------------  ------------
     IBUF:I->O            30   0.000   0.551  reset_IBUF (reset_IBUF)
     FDCE:CLR                  0.325          i_PGCD/i_PO/regB/Q_0
    ----------------------------------------
    Total                      0.876ns (0.325ns logic, 0.551ns route)
                                       (37.1% logic, 62.9% route)

=========================================================================
Timing constraint: Default OFFSET OUT AFTER for Clock 'clk'
  Total number of paths / destination ports: 8 / 4
-------------------------------------------------------------------------
Offset:              1.219ns (Levels of Logic = 2)
  Source:            regA/Q_7 (FF)
  Destination:       aff<3> (PAD)
  Source Clock:      clk rising

  Data Path: regA/Q_7 to aff<3>
                                Gate     Net
    Cell:in->out      fanout   Delay   Delay  Logical Name (Net Name)
    ----------------------------------------  ------------
     FDCE:C->Q             1   0.282   0.485  regA/Q_7 (regA/Q_7)
     LUT3:I1->O            1   0.053   0.399  Mmux_aff41 (aff_3_OBUF)
     OBUF:I->O                 0.000          aff_3_OBUF (aff<3>)
    ----------------------------------------
    Total                      1.219ns (0.335ns logic, 0.884ns route)
                                       (27.5% logic, 72.5% route)

=========================================================================
Timing constraint: Default path analysis
  Total number of paths / destination ports: 4 / 4
-------------------------------------------------------------------------
Delay:               1.081ns (Levels of Logic = 3)
  Source:            B<5> (PAD)
  Destination:       aff<3> (PAD)

  Data Path: B<5> to aff<3>
                                Gate     Net
    Cell:in->out      fanout   Delay   Delay  Logical Name (Net Name)
    ----------------------------------------  ------------
     IBUF:I->O             5   0.000   0.629  B_5_IBUF (B_5_IBUF)
     LUT3:I0->O            1   0.053   0.399  Mmux_aff41 (aff_3_OBUF)
     OBUF:I->O                 0.000          aff_3_OBUF (aff<3>)
    ----------------------------------------
    Total                      1.081ns (0.053ns logic, 1.028ns route)
                                       (4.9% logic, 95.1% route)

=========================================================================

Cross Clock Domains Report:
--------------------------

Clock to Setup on destination clock clk
---------------+---------+---------+---------+---------+
               | Src:Rise| Src:Fall| Src:Rise| Src:Fall|
Source Clock   |Dest:Rise|Dest:Rise|Dest:Fall|Dest:Fall|
---------------+---------+---------+---------+---------+
clk            |    2.258|         |         |         |
---------------+---------+---------+---------+---------+

=========================================================================


Total REAL time to Xst completion: 10.00 secs
Total CPU time to Xst completion: 9.27 secs
 
--> 


Total memory usage is 608216 kilobytes

Number of errors   :    0 (   0 filtered)
Number of warnings :    0 (   0 filtered)
Number of infos    :    2 (   0 filtered)

